[debug] [2021-03-19T16:48:19.875Z] ----------------------------------------------------------------------
[debug] [2021-03-19T16:48:19.880Z] Command:       C:\Program Files\nodejs\node.exe C:\Users\Abbas\AppData\Roaming\npm\node_modules\firebase-tools\lib\bin\firebase.js init
[debug] [2021-03-19T16:48:19.881Z] CLI Version:   9.6.1
[debug] [2021-03-19T16:48:19.881Z] Platform:      win32
[debug] [2021-03-19T16:48:19.881Z] Node Version:  v14.16.0
[debug] [2021-03-19T16:48:19.883Z] Time:          Fri Mar 19 2021 22:48:19 GMT+0600 (Bangladesh Standard Time)
[debug] [2021-03-19T16:48:19.883Z] ----------------------------------------------------------------------
[debug] [2021-03-19T16:48:19.883Z] 
[debug] [2021-03-19T16:48:19.894Z] > command requires scopes: ["email","openid","https://www.googleapis.com/auth/cloudplatformprojects.readonly","https://www.googleapis.com/auth/firebase","https://www.googleapis.com/auth/cloud-platform"]
[debug] [2021-03-19T16:48:19.895Z] > authorizing via signed-in user
[info] 
     ######## #### ########  ######## ########     ###     ######  ########
     ##        ##  ##     ## ##       ##     ##  ##   ##  ##       ##
     ######    ##  ########  ######   ########  #########  ######  ######
     ##        ##  ##    ##  ##       ##     ## ##     ##       ## ##
     ##       #### ##     ## ######## ########  ##     ##  ######  ########

You're about to initialize a Firebase project in this directory:

  C:\Users\Abbas\Desktop\dhaka-city-riders

[info] 
=== Project Setup
[info] 
[info] First, let's associate this project directory with a Firebase project.
[info] You can create multiple project aliases by running firebase use --add, 
[info] but for now we'll just set up a default project.
[info] 
[info] i  If you want to create a project in a Google Cloud organization or folder, please use "firebase projects:create" instead, and return to this command when you've created the project. 
